nohup: ignoring input
INFO:     Will watch for changes in these directories: ['/workspaces/stock-trading-system']
INFO:     Uvicorn running on http://0.0.0.0:8000 (Press CTRL+C to quit)
INFO:     Started reloader process [28083] using WatchFiles
🚀 Starting Stock Trading System in Simple Mode...
📍 Server will be available at: http://localhost:8000
📚 API Documentation at: http://localhost:8000/docs
============================================================
INFO:     Started server process [28096]
INFO:     Waiting for application startup.
INFO:     Application startup complete.
INFO:watchfiles.main:1 change detected
INFO:watchfiles.main:1 change detected
INFO:watchfiles.main:1 change detected
INFO:watchfiles.main:1 change detected
INFO:watchfiles.main:1 change detected
INFO:watchfiles.main:1 change detected
INFO:watchfiles.main:1 change detected
INFO:watchfiles.main:1 change detected
INFO:watchfiles.main:1 change detected
INFO:watchfiles.main:1 change detected
INFO:watchfiles.main:1 change detected
INFO:watchfiles.main:1 change detected
INFO:watchfiles.main:1 change detected
INFO:watchfiles.main:1 change detected
INFO:watchfiles.main:1 change detected
INFO:watchfiles.main:1 change detected
INFO:watchfiles.main:1 change detected
INFO:watchfiles.main:1 change detected
INFO:watchfiles.main:1 change detected
INFO:watchfiles.main:1 change detected
INFO:watchfiles.main:1 change detected
INFO:watchfiles.main:1 change detected
INFO:watchfiles.main:1 change detected
INFO:watchfiles.main:1 change detected
INFO:watchfiles.main:1 change detected
INFO:watchfiles.main:1 change detected
INFO:watchfiles.main:1 change detected
INFO:watchfiles.main:1 change detected
INFO:watchfiles.main:1 change detected
INFO:watchfiles.main:1 change detected
INFO:watchfiles.main:1 change detected
INFO:watchfiles.main:1 change detected
INFO:watchfiles.main:1 change detected
INFO:watchfiles.main:1 change detected
INFO:watchfiles.main:1 change detected
INFO:watchfiles.main:1 change detected
INFO:watchfiles.main:1 change detected
INFO:     127.0.0.1:35374 - "GET / HTTP/1.1" 200 OK
INFO:     127.0.0.1:35376 - "GET /health HTTP/1.1" 200 OK
INFO:watchfiles.main:1 change detected
INFO:watchfiles.main:1 change detected
INFO:watchfiles.main:1 change detected
INFO:watchfiles.main:1 change detected
INFO:watchfiles.main:1 change detected
INFO:watchfiles.main:1 change detected
INFO:watchfiles.main:1 change detected
INFO:watchfiles.main:1 change detected
INFO:watchfiles.main:1 change detected
INFO:watchfiles.main:1 change detected
INFO:watchfiles.main:1 change detected
INFO:watchfiles.main:1 change detected
INFO:     127.0.0.1:35374 - "GET /favicon.ico HTTP/1.1" 404 Not Found
INFO:watchfiles.main:1 change detected
INFO:watchfiles.main:1 change detected
INFO:watchfiles.main:1 change detected
INFO:watchfiles.main:1 change detected
INFO:watchfiles.main:1 change detected
INFO:watchfiles.main:1 change detected
INFO:watchfiles.main:1 change detected
INFO:watchfiles.main:1 change detected
INFO:watchfiles.main:1 change detected
INFO:watchfiles.main:1 change detected
INFO:watchfiles.main:1 change detected
INFO:watchfiles.main:1 change detected
INFO:watchfiles.main:1 change detected
INFO:watchfiles.main:1 change detected
INFO:watchfiles.main:1 change detected
INFO:watchfiles.main:1 change detected
INFO:watchfiles.main:1 change detected
INFO:watchfiles.main:1 change detected
INFO:watchfiles.main:1 change detected
INFO:watchfiles.main:1 change detected
INFO:watchfiles.main:1 change detected
INFO:watchfiles.main:1 change detected
INFO:watchfiles.main:1 change detected
INFO:watchfiles.main:1 change detected
INFO:watchfiles.main:1 change detected
INFO:watchfiles.main:1 change detected
INFO:watchfiles.main:1 change detected
INFO:watchfiles.main:1 change detected
INFO:watchfiles.main:1 change detected
INFO:watchfiles.main:1 change detected
INFO:watchfiles.main:1 change detected
INFO:watchfiles.main:1 change detected
INFO:watchfiles.main:1 change detected
INFO:watchfiles.main:1 change detected
INFO:watchfiles.main:1 change detected
INFO:watchfiles.main:1 change detected
INFO:watchfiles.main:1 change detected
INFO:watchfiles.main:1 change detected
INFO:watchfiles.main:1 change detected
INFO:watchfiles.main:1 change detected
INFO:watchfiles.main:1 change detected
INFO:watchfiles.main:1 change detected
INFO:watchfiles.main:1 change detected
INFO:watchfiles.main:1 change detected
INFO:watchfiles.main:1 change detected
INFO:watchfiles.main:1 change detected
INFO:watchfiles.main:1 change detected
INFO:watchfiles.main:1 change detected
INFO:watchfiles.main:1 change detected
INFO:watchfiles.main:1 change detected
INFO:watchfiles.main:1 change detected
INFO:watchfiles.main:1 change detected
INFO:watchfiles.main:1 change detected
INFO:watchfiles.main:1 change detected
INFO:watchfiles.main:1 change detected
INFO:watchfiles.main:1 change detected
INFO:watchfiles.main:1 change detected
INFO:watchfiles.main:1 change detected
INFO:watchfiles.main:1 change detected
INFO:watchfiles.main:1 change detected
INFO:watchfiles.main:1 change detected
INFO:watchfiles.main:1 change detected
INFO:watchfiles.main:1 change detected
INFO:watchfiles.main:1 change detected
INFO:watchfiles.main:1 change detected
INFO:watchfiles.main:1 change detected
INFO:watchfiles.main:1 change detected
INFO:watchfiles.main:1 change detected
INFO:watchfiles.main:1 change detected
INFO:watchfiles.main:1 change detected
INFO:watchfiles.main:1 change detected
INFO:watchfiles.main:1 change detected
INFO:watchfiles.main:1 change detected
INFO:watchfiles.main:1 change detected
INFO:watchfiles.main:1 change detected
INFO:watchfiles.main:1 change detected
INFO:watchfiles.main:1 change detected
INFO:watchfiles.main:1 change detected
INFO:watchfiles.main:1 change detected
INFO:watchfiles.main:1 change detected
INFO:watchfiles.main:1 change detected
INFO:watchfiles.main:1 change detected
INFO:watchfiles.main:1 change detected
INFO:watchfiles.main:1 change detected
INFO:watchfiles.main:1 change detected
INFO:watchfiles.main:1 change detected
INFO:watchfiles.main:1 change detected
INFO:watchfiles.main:1 change detected
INFO:watchfiles.main:1 change detected
INFO:watchfiles.main:1 change detected
INFO:watchfiles.main:1 change detected
INFO:watchfiles.main:1 change detected
INFO:watchfiles.main:1 change detected
INFO:watchfiles.main:1 change detected
INFO:watchfiles.main:1 change detected
INFO:watchfiles.main:1 change detected
INFO:watchfiles.main:1 change detected
INFO:watchfiles.main:1 change detected
INFO:watchfiles.main:1 change detected
INFO:watchfiles.main:1 change detected
INFO:watchfiles.main:1 change detected
INFO:watchfiles.main:1 change detected
INFO:watchfiles.main:1 change detected
INFO:watchfiles.main:1 change detected
INFO:watchfiles.main:1 change detected
INFO:watchfiles.main:1 change detected
INFO:watchfiles.main:1 change detected
INFO:watchfiles.main:1 change detected
INFO:watchfiles.main:1 change detected
INFO:watchfiles.main:1 change detected
INFO:watchfiles.main:1 change detected
INFO:watchfiles.main:1 change detected
INFO:watchfiles.main:1 change detected
INFO:watchfiles.main:1 change detected
INFO:watchfiles.main:1 change detected
INFO:watchfiles.main:1 change detected
INFO:watchfiles.main:1 change detected
INFO:watchfiles.main:1 change detected
INFO:watchfiles.main:1 change detected
INFO:watchfiles.main:1 change detected
INFO:watchfiles.main:1 change detected
INFO:watchfiles.main:1 change detected
INFO:watchfiles.main:1 change detected
INFO:watchfiles.main:1 change detected
INFO:watchfiles.main:1 change detected
INFO:watchfiles.main:1 change detected
INFO:watchfiles.main:1 change detected
INFO:watchfiles.main:1 change detected
INFO:watchfiles.main:1 change detected
INFO:watchfiles.main:1 change detected
INFO:watchfiles.main:1 change detected
INFO:watchfiles.main:1 change detected
INFO:watchfiles.main:1 change detected
INFO:watchfiles.main:1 change detected
INFO:watchfiles.main:1 change detected
INFO:watchfiles.main:1 change detected
INFO:watchfiles.main:1 change detected
INFO:watchfiles.main:1 change detected
INFO:watchfiles.main:1 change detected
INFO:watchfiles.main:1 change detected
INFO:watchfiles.main:1 change detected
INFO:watchfiles.main:1 change detected
INFO:watchfiles.main:1 change detected
INFO:watchfiles.main:1 change detected
INFO:watchfiles.main:1 change detected
INFO:watchfiles.main:1 change detected
INFO:watchfiles.main:1 change detected
INFO:watchfiles.main:1 change detected
INFO:watchfiles.main:1 change detected
INFO:watchfiles.main:1 change detected
INFO:watchfiles.main:1 change detected
INFO:watchfiles.main:1 change detected
INFO:watchfiles.main:1 change detected
INFO:watchfiles.main:1 change detected
INFO:watchfiles.main:1 change detected
INFO:watchfiles.main:1 change detected
INFO:watchfiles.main:1 change detected
INFO:watchfiles.main:1 change detected
INFO:watchfiles.main:1 change detected
INFO:watchfiles.main:1 change detected
INFO:watchfiles.main:1 change detected
INFO:watchfiles.main:1 change detected
INFO:watchfiles.main:1 change detected
INFO:watchfiles.main:1 change detected
INFO:watchfiles.main:1 change detected
INFO:watchfiles.main:1 change detected
INFO:watchfiles.main:1 change detected
INFO:watchfiles.main:1 change detected
INFO:watchfiles.main:1 change detected
INFO:watchfiles.main:1 change detected
INFO:watchfiles.main:1 change detected
INFO:watchfiles.main:1 change detected
INFO:watchfiles.main:1 change detected
INFO:watchfiles.main:1 change detected
INFO:watchfiles.main:1 change detected
INFO:watchfiles.main:1 change detected
INFO:watchfiles.main:1 change detected
INFO:watchfiles.main:1 change detected
INFO:watchfiles.main:1 change detected
INFO:watchfiles.main:1 change detected
INFO:watchfiles.main:1 change detected
INFO:watchfiles.main:1 change detected
INFO:watchfiles.main:1 change detected
INFO:watchfiles.main:1 change detected
INFO:watchfiles.main:1 change detected
INFO:watchfiles.main:1 change detected
INFO:watchfiles.main:1 change detected
INFO:watchfiles.main:1 change detected
INFO:watchfiles.main:1 change detected
INFO:watchfiles.main:1 change detected
INFO:watchfiles.main:1 change detected
INFO:watchfiles.main:1 change detected
INFO:watchfiles.main:1 change detected
INFO:watchfiles.main:1 change detected
INFO:watchfiles.main:1 change detected
INFO:watchfiles.main:1 change detected
INFO:watchfiles.main:1 change detected
INFO:watchfiles.main:1 change detected
INFO:watchfiles.main:1 change detected
INFO:watchfiles.main:1 change detected
INFO:watchfiles.main:1 change detected
INFO:watchfiles.main:1 change detected
INFO:watchfiles.main:1 change detected
INFO:watchfiles.main:1 change detected
INFO:watchfiles.main:1 change detected
INFO:watchfiles.main:1 change detected
INFO:watchfiles.main:1 change detected
INFO:watchfiles.main:1 change detected
INFO:watchfiles.main:1 change detected
INFO:watchfiles.main:1 change detected
INFO:watchfiles.main:1 change detected
INFO:watchfiles.main:1 change detected
INFO:watchfiles.main:1 change detected
INFO:watchfiles.main:1 change detected
INFO:watchfiles.main:1 change detected
INFO:watchfiles.main:1 change detected
INFO:watchfiles.main:1 change detected
INFO:watchfiles.main:1 change detected
INFO:watchfiles.main:1 change detected
INFO:watchfiles.main:1 change detected
INFO:watchfiles.main:1 change detected
INFO:watchfiles.main:1 change detected
INFO:watchfiles.main:1 change detected
INFO:watchfiles.main:1 change detected
INFO:watchfiles.main:1 change detected
INFO:watchfiles.main:1 change detected
INFO:watchfiles.main:1 change detected
INFO:watchfiles.main:1 change detected
INFO:watchfiles.main:1 change detected
INFO:watchfiles.main:1 change detected
INFO:watchfiles.main:1 change detected
INFO:watchfiles.main:1 change detected
INFO:watchfiles.main:1 change detected
INFO:watchfiles.main:1 change detected
INFO:watchfiles.main:1 change detected
INFO:watchfiles.main:1 change detected
INFO:watchfiles.main:1 change detected
INFO:watchfiles.main:1 change detected
INFO:watchfiles.main:1 change detected
INFO:watchfiles.main:1 change detected
INFO:watchfiles.main:1 change detected
INFO:watchfiles.main:1 change detected
INFO:watchfiles.main:1 change detected
INFO:watchfiles.main:1 change detected
INFO:watchfiles.main:1 change detected
INFO:watchfiles.main:1 change detected
INFO:watchfiles.main:1 change detected
INFO:watchfiles.main:1 change detected
INFO:watchfiles.main:1 change detected
INFO:watchfiles.main:1 change detected
INFO:watchfiles.main:1 change detected
INFO:watchfiles.main:1 change detected
INFO:watchfiles.main:1 change detected
INFO:watchfiles.main:1 change detected
INFO:watchfiles.main:1 change detected
INFO:watchfiles.main:1 change detected
INFO:watchfiles.main:1 change detected
INFO:watchfiles.main:1 change detected
INFO:watchfiles.main:1 change detected
INFO:watchfiles.main:1 change detected
INFO:watchfiles.main:1 change detected
INFO:watchfiles.main:1 change detected
INFO:watchfiles.main:1 change detected
INFO:watchfiles.main:1 change detected
INFO:watchfiles.main:1 change detected
INFO:watchfiles.main:1 change detected
INFO:watchfiles.main:1 change detected
INFO:watchfiles.main:1 change detected
INFO:watchfiles.main:1 change detected
INFO:watchfiles.main:1 change detected
INFO:watchfiles.main:1 change detected
INFO:watchfiles.main:1 change detected
INFO:watchfiles.main:1 change detected
INFO:watchfiles.main:1 change detected
INFO:watchfiles.main:1 change detected
INFO:watchfiles.main:1 change detected
INFO:watchfiles.main:1 change detected
INFO:watchfiles.main:1 change detected
INFO:watchfiles.main:1 change detected
INFO:watchfiles.main:1 change detected
INFO:watchfiles.main:1 change detected
INFO:watchfiles.main:1 change detected
INFO:watchfiles.main:1 change detected
INFO:watchfiles.main:1 change detected
INFO:watchfiles.main:1 change detected
INFO:watchfiles.main:1 change detected
INFO:watchfiles.main:1 change detected
INFO:watchfiles.main:1 change detected
INFO:watchfiles.main:1 change detected
INFO:watchfiles.main:1 change detected
INFO:watchfiles.main:1 change detected
INFO:watchfiles.main:1 change detected
INFO:watchfiles.main:1 change detected
INFO:watchfiles.main:1 change detected
INFO:watchfiles.main:1 change detected
INFO:watchfiles.main:1 change detected
INFO:watchfiles.main:1 change detected
INFO:watchfiles.main:1 change detected
INFO:watchfiles.main:1 change detected
INFO:watchfiles.main:1 change detected
INFO:watchfiles.main:1 change detected
INFO:watchfiles.main:1 change detected
INFO:watchfiles.main:1 change detected
INFO:watchfiles.main:1 change detected
INFO:watchfiles.main:1 change detected
INFO:watchfiles.main:1 change detected
INFO:watchfiles.main:1 change detected
INFO:watchfiles.main:1 change detected
INFO:watchfiles.main:1 change detected
INFO:watchfiles.main:1 change detected
INFO:watchfiles.main:1 change detected
INFO:watchfiles.main:1 change detected
INFO:watchfiles.main:1 change detected
INFO:watchfiles.main:1 change detected
INFO:watchfiles.main:1 change detected
INFO:watchfiles.main:1 change detected
INFO:watchfiles.main:1 change detected
INFO:watchfiles.main:1 change detected
INFO:watchfiles.main:1 change detected
INFO:watchfiles.main:1 change detected
INFO:watchfiles.main:1 change detected
INFO:watchfiles.main:1 change detected
INFO:watchfiles.main:1 change detected
INFO:watchfiles.main:1 change detected
INFO:watchfiles.main:1 change detected
INFO:watchfiles.main:1 change detected
INFO:watchfiles.main:1 change detected
INFO:watchfiles.main:1 change detected
INFO:watchfiles.main:1 change detected
INFO:watchfiles.main:1 change detected
INFO:watchfiles.main:1 change detected
INFO:watchfiles.main:1 change detected
INFO:watchfiles.main:1 change detected
INFO:watchfiles.main:1 change detected
INFO:watchfiles.main:1 change detected
INFO:watchfiles.main:1 change detected
INFO:watchfiles.main:1 change detected
INFO:watchfiles.main:1 change detected
INFO:watchfiles.main:1 change detected
INFO:watchfiles.main:1 change detected
INFO:watchfiles.main:1 change detected
INFO:watchfiles.main:1 change detected
INFO:watchfiles.main:1 change detected
INFO:watchfiles.main:1 change detected
INFO:watchfiles.main:1 change detected
INFO:watchfiles.main:1 change detected
INFO:watchfiles.main:1 change detected
INFO:watchfiles.main:1 change detected
INFO:watchfiles.main:1 change detected
INFO:watchfiles.main:1 change detected
INFO:watchfiles.main:1 change detected
INFO:watchfiles.main:1 change detected
INFO:watchfiles.main:1 change detected
INFO:watchfiles.main:1 change detected
INFO:watchfiles.main:1 change detected
INFO:watchfiles.main:1 change detected
INFO:watchfiles.main:1 change detected
INFO:watchfiles.main:1 change detected
INFO:watchfiles.main:1 change detected
INFO:watchfiles.main:1 change detected
INFO:watchfiles.main:1 change detected
INFO:watchfiles.main:1 change detected
INFO:watchfiles.main:1 change detected
INFO:watchfiles.main:1 change detected
INFO:watchfiles.main:1 change detected
INFO:watchfiles.main:1 change detected
INFO:watchfiles.main:1 change detected
INFO:watchfiles.main:1 change detected
INFO:watchfiles.main:1 change detected
INFO:watchfiles.main:1 change detected
INFO:watchfiles.main:1 change detected
INFO:watchfiles.main:1 change detected
INFO:watchfiles.main:1 change detected
INFO:watchfiles.main:1 change detected
INFO:watchfiles.main:1 change detected
INFO:watchfiles.main:1 change detected
INFO:watchfiles.main:1 change detected
INFO:watchfiles.main:1 change detected
INFO:watchfiles.main:1 change detected
INFO:watchfiles.main:1 change detected
INFO:watchfiles.main:1 change detected
INFO:watchfiles.main:1 change detected
INFO:watchfiles.main:1 change detected
INFO:watchfiles.main:1 change detected
INFO:watchfiles.main:1 change detected
INFO:watchfiles.main:1 change detected
INFO:watchfiles.main:1 change detected
INFO:watchfiles.main:1 change detected
INFO:watchfiles.main:1 change detected
INFO:watchfiles.main:1 change detected
INFO:watchfiles.main:1 change detected
INFO:watchfiles.main:1 change detected
INFO:watchfiles.main:1 change detected
INFO:watchfiles.main:1 change detected
INFO:watchfiles.main:1 change detected
INFO:watchfiles.main:1 change detected
INFO:watchfiles.main:1 change detected
INFO:watchfiles.main:1 change detected
INFO:watchfiles.main:1 change detected
INFO:watchfiles.main:1 change detected
INFO:watchfiles.main:1 change detected
INFO:watchfiles.main:1 change detected
INFO:watchfiles.main:1 change detected
INFO:watchfiles.main:1 change detected
INFO:watchfiles.main:1 change detected
INFO:watchfiles.main:1 change detected
INFO:watchfiles.main:1 change detected
INFO:watchfiles.main:1 change detected
INFO:watchfiles.main:1 change detected
INFO:watchfiles.main:1 change detected
INFO:watchfiles.main:1 change detected
INFO:watchfiles.main:1 change detected
INFO:watchfiles.main:1 change detected
INFO:watchfiles.main:1 change detected
INFO:watchfiles.main:1 change detected
INFO:watchfiles.main:1 change detected
INFO:watchfiles.main:1 change detected
INFO:watchfiles.main:1 change detected
INFO:watchfiles.main:1 change detected
INFO:watchfiles.main:1 change detected
INFO:watchfiles.main:1 change detected
INFO:watchfiles.main:1 change detected
INFO:watchfiles.main:1 change detected
INFO:watchfiles.main:1 change detected
INFO:watchfiles.main:1 change detected
INFO:watchfiles.main:1 change detected
INFO:watchfiles.main:1 change detected
INFO:watchfiles.main:1 change detected
INFO:watchfiles.main:1 change detected
INFO:watchfiles.main:1 change detected
INFO:watchfiles.main:1 change detected
INFO:watchfiles.main:1 change detected
INFO:watchfiles.main:1 change detected
INFO:watchfiles.main:1 change detected
INFO:watchfiles.main:1 change detected
INFO:watchfiles.main:1 change detected
INFO:watchfiles.main:1 change detected
INFO:watchfiles.main:1 change detected
INFO:watchfiles.main:1 change detected
INFO:watchfiles.main:1 change detected
INFO:watchfiles.main:1 change detected
INFO:watchfiles.main:1 change detected
INFO:watchfiles.main:1 change detected
INFO:watchfiles.main:1 change detected
INFO:watchfiles.main:1 change detected
INFO:watchfiles.main:1 change detected
INFO:watchfiles.main:1 change detected
INFO:watchfiles.main:1 change detected
INFO:watchfiles.main:1 change detected
INFO:watchfiles.main:1 change detected
INFO:watchfiles.main:1 change detected
INFO:watchfiles.main:1 change detected
INFO:watchfiles.main:1 change detected
INFO:watchfiles.main:1 change detected
INFO:watchfiles.main:1 change detected
INFO:watchfiles.main:1 change detected
INFO:watchfiles.main:1 change detected
INFO:watchfiles.main:1 change detected
INFO:watchfiles.main:1 change detected
INFO:watchfiles.main:1 change detected
INFO:watchfiles.main:1 change detected
INFO:watchfiles.main:1 change detected
INFO:watchfiles.main:1 change detected
INFO:watchfiles.main:1 change detected
INFO:watchfiles.main:1 change detected
INFO:watchfiles.main:1 change detected
INFO:watchfiles.main:1 change detected
INFO:watchfiles.main:1 change detected
INFO:watchfiles.main:1 change detected
INFO:watchfiles.main:1 change detected
INFO:watchfiles.main:1 change detected
INFO:watchfiles.main:1 change detected
INFO:watchfiles.main:1 change detected
INFO:watchfiles.main:1 change detected
INFO:watchfiles.main:1 change detected
INFO:watchfiles.main:1 change detected
INFO:watchfiles.main:1 change detected
INFO:watchfiles.main:1 change detected
INFO:watchfiles.main:1 change detected
INFO:watchfiles.main:1 change detected
INFO:watchfiles.main:1 change detected
INFO:watchfiles.main:1 change detected
INFO:watchfiles.main:1 change detected
INFO:watchfiles.main:1 change detected
INFO:watchfiles.main:1 change detected
INFO:watchfiles.main:1 change detected
INFO:watchfiles.main:1 change detected
INFO:watchfiles.main:1 change detected
INFO:watchfiles.main:1 change detected
INFO:watchfiles.main:1 change detected
INFO:watchfiles.main:1 change detected
INFO:watchfiles.main:1 change detected
INFO:watchfiles.main:1 change detected
INFO:watchfiles.main:1 change detected
INFO:watchfiles.main:1 change detected
INFO:watchfiles.main:1 change detected
INFO:watchfiles.main:1 change detected
INFO:watchfiles.main:1 change detected
INFO:watchfiles.main:1 change detected
INFO:watchfiles.main:1 change detected
INFO:watchfiles.main:1 change detected
INFO:watchfiles.main:1 change detected
INFO:watchfiles.main:1 change detected
INFO:watchfiles.main:1 change detected
INFO:watchfiles.main:1 change detected
INFO:watchfiles.main:1 change detected
INFO:watchfiles.main:1 change detected
INFO:watchfiles.main:1 change detected
INFO:watchfiles.main:1 change detected
INFO:watchfiles.main:1 change detected
INFO:watchfiles.main:1 change detected
INFO:watchfiles.main:1 change detected
INFO:watchfiles.main:1 change detected
INFO:watchfiles.main:1 change detected
INFO:watchfiles.main:1 change detected
INFO:watchfiles.main:1 change detected
INFO:watchfiles.main:1 change detected
INFO:watchfiles.main:1 change detected
INFO:watchfiles.main:1 change detected
INFO:watchfiles.main:1 change detected
INFO:watchfiles.main:1 change detected
INFO:watchfiles.main:1 change detected
INFO:watchfiles.main:1 change detected
INFO:watchfiles.main:1 change detected
INFO:watchfiles.main:1 change detected
INFO:watchfiles.main:1 change detected
INFO:watchfiles.main:1 change detected
INFO:watchfiles.main:1 change detected
INFO:watchfiles.main:1 change detected
INFO:watchfiles.main:1 change detected
INFO:watchfiles.main:1 change detected
INFO:watchfiles.main:1 change detected
INFO:watchfiles.main:1 change detected
INFO:watchfiles.main:1 change detected
INFO:watchfiles.main:1 change detected
INFO:watchfiles.main:1 change detected
INFO:watchfiles.main:1 change detected
INFO:watchfiles.main:1 change detected
INFO:watchfiles.main:1 change detected
INFO:watchfiles.main:1 change detected
INFO:watchfiles.main:1 change detected
INFO:watchfiles.main:1 change detected
INFO:watchfiles.main:1 change detected
INFO:watchfiles.main:1 change detected
INFO:watchfiles.main:1 change detected
INFO:watchfiles.main:1 change detected
INFO:watchfiles.main:1 change detected
INFO:watchfiles.main:1 change detected
INFO:watchfiles.main:1 change detected
INFO:watchfiles.main:1 change detected
INFO:watchfiles.main:1 change detected
INFO:watchfiles.main:1 change detected
INFO:watchfiles.main:1 change detected
INFO:watchfiles.main:1 change detected
INFO:watchfiles.main:1 change detected
INFO:watchfiles.main:1 change detected
INFO:watchfiles.main:1 change detected
INFO:watchfiles.main:1 change detected
INFO:watchfiles.main:1 change detected
INFO:watchfiles.main:1 change detected
INFO:watchfiles.main:1 change detected
INFO:watchfiles.main:1 change detected
INFO:watchfiles.main:1 change detected
INFO:watchfiles.main:1 change detected
INFO:watchfiles.main:1 change detected
INFO:watchfiles.main:1 change detected
INFO:watchfiles.main:1 change detected
INFO:watchfiles.main:1 change detected
INFO:watchfiles.main:1 change detected
INFO:watchfiles.main:1 change detected
INFO:watchfiles.main:1 change detected
INFO:watchfiles.main:1 change detected
INFO:watchfiles.main:1 change detected
INFO:watchfiles.main:1 change detected
INFO:watchfiles.main:1 change detected
INFO:watchfiles.main:1 change detected
INFO:watchfiles.main:1 change detected
INFO:watchfiles.main:1 change detected
INFO:watchfiles.main:1 change detected
INFO:watchfiles.main:1 change detected
INFO:watchfiles.main:1 change detected
INFO:watchfiles.main:1 change detected
INFO:watchfiles.main:1 change detected
INFO:watchfiles.main:1 change detected
INFO:watchfiles.main:1 change detected
INFO:watchfiles.main:1 change detected
INFO:watchfiles.main:1 change detected
INFO:watchfiles.main:1 change detected
INFO:watchfiles.main:1 change detected
INFO:watchfiles.main:1 change detected
INFO:watchfiles.main:1 change detected
INFO:watchfiles.main:1 change detected
INFO:watchfiles.main:1 change detected
INFO:watchfiles.main:1 change detected
INFO:watchfiles.main:1 change detected
INFO:watchfiles.main:1 change detected
INFO:watchfiles.main:1 change detected
INFO:watchfiles.main:1 change detected
INFO:watchfiles.main:1 change detected
INFO:watchfiles.main:1 change detected
INFO:watchfiles.main:1 change detected
INFO:watchfiles.main:1 change detected
INFO:watchfiles.main:1 change detected
INFO:watchfiles.main:1 change detected
INFO:watchfiles.main:1 change detected
INFO:watchfiles.main:1 change detected
INFO:watchfiles.main:1 change detected
INFO:watchfiles.main:1 change detected
INFO:watchfiles.main:1 change detected
INFO:watchfiles.main:1 change detected
INFO:watchfiles.main:1 change detected
INFO:watchfiles.main:1 change detected
INFO:watchfiles.main:1 change detected
INFO:watchfiles.main:1 change detected
INFO:watchfiles.main:1 change detected
INFO:watchfiles.main:1 change detected
INFO:watchfiles.main:1 change detected
INFO:watchfiles.main:1 change detected
INFO:watchfiles.main:1 change detected
INFO:watchfiles.main:1 change detected
INFO:watchfiles.main:1 change detected
INFO:watchfiles.main:1 change detected
INFO:watchfiles.main:1 change detected
INFO:watchfiles.main:1 change detected
INFO:watchfiles.main:1 change detected
INFO:watchfiles.main:1 change detected
INFO:watchfiles.main:1 change detected
INFO:watchfiles.main:1 change detected
INFO:watchfiles.main:1 change detected
INFO:watchfiles.main:1 change detected
INFO:watchfiles.main:1 change detected
INFO:watchfiles.main:1 change detected
INFO:watchfiles.main:1 change detected
INFO:watchfiles.main:1 change detected
INFO:watchfiles.main:1 change detected
INFO:watchfiles.main:1 change detected
INFO:watchfiles.main:1 change detected
INFO:watchfiles.main:1 change detected
INFO:watchfiles.main:1 change detected
INFO:watchfiles.main:1 change detected
INFO:watchfiles.main:1 change detected
INFO:watchfiles.main:1 change detected
INFO:watchfiles.main:1 change detected
INFO:watchfiles.main:1 change detected
INFO:watchfiles.main:1 change detected
INFO:watchfiles.main:1 change detected
INFO:watchfiles.main:1 change detected
INFO:watchfiles.main:1 change detected
INFO:watchfiles.main:1 change detected
INFO:watchfiles.main:1 change detected
INFO:watchfiles.main:1 change detected
INFO:watchfiles.main:1 change detected
INFO:watchfiles.main:1 change detected
INFO:watchfiles.main:1 change detected
INFO:watchfiles.main:1 change detected
INFO:watchfiles.main:1 change detected
INFO:watchfiles.main:1 change detected
INFO:watchfiles.main:1 change detected
INFO:watchfiles.main:1 change detected
INFO:watchfiles.main:1 change detected
INFO:watchfiles.main:1 change detected
INFO:watchfiles.main:1 change detected
INFO:watchfiles.main:1 change detected
INFO:watchfiles.main:1 change detected
INFO:watchfiles.main:1 change detected
INFO:watchfiles.main:1 change detected
INFO:watchfiles.main:1 change detected
INFO:watchfiles.main:1 change detected
INFO:watchfiles.main:1 change detected
INFO:watchfiles.main:1 change detected
INFO:watchfiles.main:1 change detected
INFO:watchfiles.main:1 change detected
INFO:watchfiles.main:1 change detected
INFO:watchfiles.main:1 change detected
INFO:watchfiles.main:1 change detected
INFO:watchfiles.main:1 change detected
INFO:watchfiles.main:1 change detected
INFO:watchfiles.main:1 change detected
INFO:watchfiles.main:1 change detected
INFO:watchfiles.main:1 change detected
INFO:watchfiles.main:1 change detected
INFO:watchfiles.main:1 change detected
INFO:watchfiles.main:1 change detected
INFO:watchfiles.main:1 change detected
INFO:watchfiles.main:1 change detected
INFO:watchfiles.main:1 change detected
INFO:watchfiles.main:1 change detected
INFO:watchfiles.main:1 change detected
INFO:watchfiles.main:1 change detected
INFO:watchfiles.main:1 change detected
INFO:watchfiles.main:1 change detected
INFO:watchfiles.main:1 change detected
INFO:watchfiles.main:1 change detected
INFO:watchfiles.main:1 change detected
INFO:watchfiles.main:1 change detected
INFO:watchfiles.main:1 change detected
INFO:watchfiles.main:1 change detected
INFO:watchfiles.main:1 change detected
INFO:watchfiles.main:1 change detected
INFO:watchfiles.main:1 change detected
INFO:watchfiles.main:1 change detected
INFO:watchfiles.main:1 change detected
INFO:watchfiles.main:1 change detected
INFO:watchfiles.main:1 change detected
INFO:watchfiles.main:1 change detected
INFO:watchfiles.main:1 change detected
INFO:watchfiles.main:1 change detected
INFO:watchfiles.main:1 change detected
INFO:watchfiles.main:1 change detected
INFO:watchfiles.main:1 change detected
INFO:watchfiles.main:1 change detected
INFO:watchfiles.main:1 change detected
INFO:watchfiles.main:1 change detected
INFO:watchfiles.main:1 change detected
INFO:watchfiles.main:1 change detected
INFO:watchfiles.main:1 change detected
INFO:watchfiles.main:1 change detected
INFO:watchfiles.main:1 change detected
INFO:watchfiles.main:1 change detected
INFO:watchfiles.main:1 change detected
INFO:watchfiles.main:1 change detected
INFO:watchfiles.main:1 change detected
INFO:watchfiles.main:1 change detected
INFO:watchfiles.main:1 change detected
INFO:watchfiles.main:1 change detected
INFO:watchfiles.main:1 change detected
INFO:watchfiles.main:1 change detected
INFO:watchfiles.main:1 change detected
INFO:watchfiles.main:1 change detected
INFO:watchfiles.main:1 change detected
INFO:watchfiles.main:1 change detected
INFO:watchfiles.main:1 change detected
INFO:watchfiles.main:1 change detected
INFO:watchfiles.main:1 change detected
INFO:watchfiles.main:1 change detected
INFO:watchfiles.main:1 change detected
INFO:watchfiles.main:1 change detected
INFO:watchfiles.main:1 change detected
INFO:watchfiles.main:1 change detected
INFO:watchfiles.main:1 change detected
INFO:watchfiles.main:1 change detected
INFO:watchfiles.main:1 change detected
INFO:watchfiles.main:1 change detected
INFO:watchfiles.main:1 change detected
INFO:watchfiles.main:1 change detected
INFO:watchfiles.main:1 change detected
INFO:watchfiles.main:1 change detected
INFO:watchfiles.main:1 change detected
INFO:watchfiles.main:1 change detected
INFO:watchfiles.main:1 change detected
INFO:watchfiles.main:1 change detected
INFO:watchfiles.main:1 change detected
INFO:watchfiles.main:1 change detected
INFO:watchfiles.main:1 change detected
INFO:watchfiles.main:1 change detected
INFO:watchfiles.main:1 change detected
INFO:watchfiles.main:1 change detected
INFO:watchfiles.main:1 change detected
INFO:watchfiles.main:1 change detected
INFO:watchfiles.main:1 change detected
INFO:watchfiles.main:1 change detected
INFO:watchfiles.main:1 change detected
INFO:watchfiles.main:1 change detected
INFO:watchfiles.main:1 change detected
INFO:watchfiles.main:1 change detected
INFO:watchfiles.main:1 change detected
INFO:watchfiles.main:1 change detected
INFO:watchfiles.main:1 change detected
INFO:watchfiles.main:1 change detected
INFO:watchfiles.main:1 change detected
INFO:watchfiles.main:1 change detected
INFO:watchfiles.main:1 change detected
INFO:watchfiles.main:1 change detected
INFO:watchfiles.main:1 change detected
INFO:watchfiles.main:1 change detected
INFO:watchfiles.main:1 change detected
INFO:watchfiles.main:1 change detected
INFO:watchfiles.main:1 change detected
INFO:watchfiles.main:1 change detected
INFO:watchfiles.main:1 change detected
INFO:watchfiles.main:1 change detected
INFO:watchfiles.main:1 change detected
INFO:watchfiles.main:1 change detected
INFO:watchfiles.main:1 change detected
INFO:watchfiles.main:1 change detected
INFO:watchfiles.main:1 change detected
INFO:watchfiles.main:1 change detected
INFO:watchfiles.main:1 change detected
INFO:watchfiles.main:1 change detected
INFO:watchfiles.main:1 change detected
INFO:watchfiles.main:1 change detected
INFO:watchfiles.main:1 change detected
INFO:watchfiles.main:1 change detected
INFO:watchfiles.main:1 change detected
INFO:watchfiles.main:1 change detected
INFO:watchfiles.main:1 change detected
INFO:watchfiles.main:1 change detected
INFO:watchfiles.main:1 change detected
INFO:watchfiles.main:1 change detected
INFO:watchfiles.main:1 change detected
INFO:watchfiles.main:1 change detected
INFO:watchfiles.main:1 change detected
INFO:watchfiles.main:1 change detected
INFO:watchfiles.main:1 change detected
INFO:watchfiles.main:1 change detected
INFO:watchfiles.main:1 change detected
INFO:watchfiles.main:1 change detected
INFO:watchfiles.main:1 change detected
INFO:watchfiles.main:1 change detected
INFO:watchfiles.main:1 change detected
INFO:watchfiles.main:1 change detected
INFO:watchfiles.main:1 change detected
INFO:watchfiles.main:1 change detected
INFO:watchfiles.main:1 change detected
INFO:watchfiles.main:1 change detected
INFO:watchfiles.main:1 change detected
INFO:watchfiles.main:1 change detected
INFO:watchfiles.main:1 change detected
INFO:watchfiles.main:1 change detected
INFO:watchfiles.main:1 change detected
INFO:watchfiles.main:1 change detected
INFO:watchfiles.main:1 change detected
INFO:watchfiles.main:1 change detected
INFO:watchfiles.main:1 change detected
INFO:watchfiles.main:1 change detected
INFO:watchfiles.main:1 change detected
INFO:watchfiles.main:1 change detected
INFO:watchfiles.main:1 change detected
INFO:watchfiles.main:1 change detected
INFO:watchfiles.main:1 change detected
INFO:watchfiles.main:1 change detected
INFO:watchfiles.main:1 change detected
INFO:watchfiles.main:1 change detected
INFO:watchfiles.main:1 change detected
INFO:watchfiles.main:1 change detected
INFO:watchfiles.main:1 change detected
INFO:watchfiles.main:1 change detected
INFO:watchfiles.main:1 change detected
INFO:watchfiles.main:1 change detected
INFO:watchfiles.main:1 change detected
INFO:watchfiles.main:1 change detected
INFO:watchfiles.main:1 change detected
INFO:watchfiles.main:1 change detected
INFO:watchfiles.main:1 change detected
INFO:watchfiles.main:1 change detected
INFO:watchfiles.main:1 change detected
INFO:watchfiles.main:1 change detected
INFO:watchfiles.main:1 change detected
INFO:watchfiles.main:1 change detected
INFO:watchfiles.main:1 change detected
INFO:watchfiles.main:1 change detected
INFO:watchfiles.main:1 change detected
INFO:watchfiles.main:1 change detected
INFO:watchfiles.main:1 change detected
INFO:watchfiles.main:1 change detected
INFO:watchfiles.main:1 change detected
INFO:watchfiles.main:1 change detected
INFO:watchfiles.main:1 change detected
INFO:watchfiles.main:1 change detected
INFO:watchfiles.main:1 change detected
INFO:watchfiles.main:1 change detected
INFO:watchfiles.main:1 change detected
INFO:watchfiles.main:1 change detected
INFO:watchfiles.main:1 change detected
INFO:watchfiles.main:1 change detected
INFO:watchfiles.main:1 change detected
INFO:watchfiles.main:1 change detected
INFO:watchfiles.main:1 change detected
INFO:watchfiles.main:1 change detected
INFO:watchfiles.main:1 change detected
INFO:watchfiles.main:1 change detected
INFO:watchfiles.main:1 change detected
INFO:watchfiles.main:1 change detected
INFO:watchfiles.main:1 change detected
INFO:watchfiles.main:1 change detected
INFO:watchfiles.main:1 change detected
INFO:watchfiles.main:1 change detected
INFO:watchfiles.main:1 change detected
INFO:watchfiles.main:1 change detected
INFO:watchfiles.main:1 change detected
INFO:watchfiles.main:1 change detected
INFO:watchfiles.main:1 change detected
INFO:watchfiles.main:1 change detected
INFO:watchfiles.main:1 change detected
INFO:watchfiles.main:1 change detected
INFO:watchfiles.main:1 change detected
INFO:watchfiles.main:1 change detected
INFO:watchfiles.main:1 change detected
INFO:watchfiles.main:1 change detected
INFO:watchfiles.main:1 change detected
INFO:watchfiles.main:1 change detected
INFO:watchfiles.main:1 change detected
INFO:watchfiles.main:1 change detected
INFO:watchfiles.main:1 change detected
INFO:watchfiles.main:1 change detected
INFO:watchfiles.main:1 change detected
INFO:watchfiles.main:1 change detected
INFO:watchfiles.main:1 change detected
INFO:watchfiles.main:1 change detected
INFO:watchfiles.main:1 change detected
INFO:watchfiles.main:1 change detected
INFO:watchfiles.main:1 change detected
INFO:watchfiles.main:1 change detected
INFO:watchfiles.main:1 change detected
INFO:watchfiles.main:1 change detected
INFO:watchfiles.main:1 change detected
INFO:watchfiles.main:1 change detected
INFO:watchfiles.main:1 change detected
INFO:watchfiles.main:1 change detected
INFO:watchfiles.main:1 change detected
INFO:watchfiles.main:1 change detected
INFO:watchfiles.main:1 change detected
INFO:watchfiles.main:1 change detected
INFO:watchfiles.main:1 change detected
INFO:watchfiles.main:1 change detected
INFO:watchfiles.main:1 change detected
INFO:watchfiles.main:1 change detected
INFO:watchfiles.main:1 change detected
INFO:watchfiles.main:1 change detected
INFO:watchfiles.main:1 change detected
INFO:watchfiles.main:1 change detected
INFO:watchfiles.main:1 change detected
INFO:watchfiles.main:1 change detected
INFO:watchfiles.main:1 change detected
INFO:watchfiles.main:1 change detected
INFO:watchfiles.main:1 change detected
INFO:watchfiles.main:1 change detected
INFO:watchfiles.main:1 change detected
INFO:watchfiles.main:1 change detected
INFO:watchfiles.main:1 change detected
INFO:watchfiles.main:1 change detected
INFO:watchfiles.main:1 change detected
INFO:watchfiles.main:1 change detected
INFO:watchfiles.main:1 change detected
INFO:watchfiles.main:1 change detected
INFO:watchfiles.main:1 change detected
INFO:watchfiles.main:1 change detected
INFO:watchfiles.main:1 change detected
INFO:watchfiles.main:1 change detected
INFO:watchfiles.main:1 change detected
INFO:watchfiles.main:1 change detected
INFO:watchfiles.main:1 change detected
INFO:watchfiles.main:1 change detected
INFO:watchfiles.main:1 change detected
INFO:watchfiles.main:1 change detected
INFO:watchfiles.main:1 change detected
INFO:watchfiles.main:1 change detected
INFO:watchfiles.main:1 change detected
INFO:watchfiles.main:1 change detected
INFO:watchfiles.main:1 change detected
INFO:watchfiles.main:1 change detected
INFO:watchfiles.main:1 change detected
INFO:watchfiles.main:1 change detected
INFO:watchfiles.main:1 change detected
INFO:watchfiles.main:1 change detected
INFO:watchfiles.main:1 change detected
INFO:watchfiles.main:1 change detected
INFO:watchfiles.main:1 change detected
INFO:watchfiles.main:1 change detected
INFO:watchfiles.main:1 change detected
INFO:watchfiles.main:1 change detected
INFO:watchfiles.main:1 change detected
INFO:watchfiles.main:1 change detected
INFO:watchfiles.main:1 change detected
INFO:watchfiles.main:1 change detected
INFO:watchfiles.main:2 changes detected
WARNING:  WatchFiles detected changes in 'services/market_stream.py'. Reloading...
INFO:     Shutting down
INFO:     Waiting for application shutdown.
INFO:     Application shutdown complete.
INFO:     Finished server process [28096]
INFO:watchfiles.main:1 change detected
INFO:     Started server process [31009]
INFO:     Waiting for application startup.
INFO:     Application startup complete.
INFO:watchfiles.main:1 change detected
INFO:watchfiles.main:1 change detected
INFO:watchfiles.main:1 change detected
INFO:watchfiles.main:1 change detected
INFO:watchfiles.main:1 change detected
INFO:watchfiles.main:1 change detected
INFO:watchfiles.main:1 change detected
INFO:watchfiles.main:1 change detected
INFO:watchfiles.main:1 change detected
INFO:watchfiles.main:1 change detected
INFO:watchfiles.main:1 change detected
INFO:watchfiles.main:1 change detected
INFO:watchfiles.main:1 change detected
INFO:watchfiles.main:1 change detected
INFO:watchfiles.main:1 change detected
INFO:watchfiles.main:1 change detected
INFO:watchfiles.main:1 change detected
INFO:watchfiles.main:1 change detected
INFO:watchfiles.main:1 change detected
INFO:watchfiles.main:1 change detected
INFO:watchfiles.main:1 change detected
INFO:watchfiles.main:1 change detected
INFO:watchfiles.main:1 change detected
INFO:watchfiles.main:1 change detected
INFO:watchfiles.main:2 changes detected
INFO:watchfiles.main:1 change detected
INFO:watchfiles.main:1 change detected
INFO:watchfiles.main:1 change detected
INFO:watchfiles.main:1 change detected
INFO:watchfiles.main:1 change detected
INFO:watchfiles.main:1 change detected
INFO:watchfiles.main:1 change detected
INFO:watchfiles.main:1 change detected
INFO:watchfiles.main:1 change detected
INFO:watchfiles.main:2 changes detected
INFO:watchfiles.main:1 change detected
INFO:watchfiles.main:1 change detected
INFO:watchfiles.main:1 change detected
INFO:watchfiles.main:1 change detected
INFO:watchfiles.main:1 change detected
INFO:watchfiles.main:1 change detected
INFO:watchfiles.main:1 change detected
INFO:watchfiles.main:1 change detected
INFO:watchfiles.main:1 change detected
INFO:watchfiles.main:1 change detected
INFO:watchfiles.main:1 change detected
INFO:watchfiles.main:1 change detected
INFO:watchfiles.main:1 change detected
INFO:watchfiles.main:1 change detected
INFO:watchfiles.main:1 change detected
INFO:watchfiles.main:1 change detected
INFO:watchfiles.main:1 change detected
INFO:watchfiles.main:1 change detected
INFO:watchfiles.main:1 change detected
INFO:watchfiles.main:1 change detected
INFO:watchfiles.main:1 change detected
INFO:watchfiles.main:1 change detected
INFO:watchfiles.main:1 change detected
INFO:watchfiles.main:1 change detected
INFO:watchfiles.main:2 changes detected
INFO:watchfiles.main:1 change detected
INFO:watchfiles.main:1 change detected
INFO:watchfiles.main:1 change detected
INFO:watchfiles.main:1 change detected
INFO:watchfiles.main:1 change detected
INFO:watchfiles.main:1 change detected
INFO:watchfiles.main:1 change detected
INFO:watchfiles.main:1 change detected
INFO:watchfiles.main:1 change detected
INFO:watchfiles.main:1 change detected
INFO:watchfiles.main:1 change detected
INFO:watchfiles.main:1 change detected
INFO:watchfiles.main:1 change detected
INFO:watchfiles.main:1 change detected
INFO:watchfiles.main:1 change detected
INFO:watchfiles.main:1 change detected
INFO:watchfiles.main:1 change detected
INFO:watchfiles.main:1 change detected
INFO:watchfiles.main:1 change detected
INFO:watchfiles.main:1 change detected
INFO:watchfiles.main:1 change detected
INFO:watchfiles.main:1 change detected
INFO:watchfiles.main:1 change detected
INFO:watchfiles.main:1 change detected
INFO:watchfiles.main:1 change detected
INFO:watchfiles.main:1 change detected
INFO:watchfiles.main:1 change detected
INFO:watchfiles.main:1 change detected
INFO:watchfiles.main:1 change detected
INFO:watchfiles.main:1 change detected
INFO:watchfiles.main:1 change detected
INFO:watchfiles.main:1 change detected
INFO:watchfiles.main:1 change detected
INFO:watchfiles.main:1 change detected
INFO:watchfiles.main:1 change detected
INFO:watchfiles.main:1 change detected
INFO:watchfiles.main:1 change detected
INFO:watchfiles.main:1 change detected
INFO:watchfiles.main:1 change detected
INFO:watchfiles.main:1 change detected
INFO:watchfiles.main:1 change detected
INFO:watchfiles.main:1 change detected
INFO:watchfiles.main:1 change detected
INFO:watchfiles.main:1 change detected
INFO:watchfiles.main:1 change detected
INFO:watchfiles.main:1 change detected
INFO:watchfiles.main:1 change detected
INFO:watchfiles.main:1 change detected
INFO:watchfiles.main:1 change detected
INFO:watchfiles.main:1 change detected
INFO:watchfiles.main:1 change detected
INFO:watchfiles.main:1 change detected
INFO:watchfiles.main:1 change detected
INFO:watchfiles.main:1 change detected
INFO:watchfiles.main:1 change detected
INFO:watchfiles.main:1 change detected
INFO:watchfiles.main:1 change detected
INFO:watchfiles.main:1 change detected
INFO:watchfiles.main:1 change detected
INFO:watchfiles.main:1 change detected
INFO:watchfiles.main:1 change detected
INFO:watchfiles.main:1 change detected
INFO:watchfiles.main:1 change detected
INFO:watchfiles.main:1 change detected
INFO:watchfiles.main:1 change detected
INFO:watchfiles.main:1 change detected
INFO:watchfiles.main:1 change detected
INFO:watchfiles.main:1 change detected
INFO:watchfiles.main:1 change detected
INFO:watchfiles.main:1 change detected
INFO:watchfiles.main:3 changes detected
WARNING:  WatchFiles detected changes in 'main.py'. Reloading...
INFO:     Shutting down
INFO:     Waiting for application shutdown.
INFO:     Application shutdown complete.
INFO:     Finished server process [31009]
INFO:watchfiles.main:6 changes detected
INFO:     Started server process [31321]
INFO:     Waiting for application startup.
INFO:     Application startup complete.
INFO:watchfiles.main:1 change detected
INFO:watchfiles.main:1 change detected
INFO:watchfiles.main:1 change detected
INFO:watchfiles.main:1 change detected
INFO:watchfiles.main:1 change detected
INFO:watchfiles.main:1 change detected
INFO:watchfiles.main:1 change detected
INFO:watchfiles.main:1 change detected
INFO:watchfiles.main:1 change detected
INFO:watchfiles.main:1 change detected
INFO:watchfiles.main:1 change detected
INFO:watchfiles.main:1 change detected
INFO:watchfiles.main:1 change detected
INFO:watchfiles.main:1 change detected
INFO:watchfiles.main:1 change detected
INFO:watchfiles.main:1 change detected
INFO:watchfiles.main:1 change detected
INFO:watchfiles.main:1 change detected
INFO:watchfiles.main:1 change detected
INFO:watchfiles.main:1 change detected
INFO:watchfiles.main:1 change detected
INFO:watchfiles.main:1 change detected
INFO:watchfiles.main:1 change detected
INFO:watchfiles.main:1 change detected
INFO:watchfiles.main:1 change detected
INFO:watchfiles.main:1 change detected
INFO:watchfiles.main:1 change detected
INFO:watchfiles.main:1 change detected
INFO:watchfiles.main:1 change detected
INFO:watchfiles.main:1 change detected
INFO:watchfiles.main:1 change detected
INFO:watchfiles.main:1 change detected
INFO:watchfiles.main:1 change detected
INFO:watchfiles.main:1 change detected
INFO:watchfiles.main:1 change detected
INFO:watchfiles.main:1 change detected
INFO:watchfiles.main:1 change detected
INFO:watchfiles.main:1 change detected
INFO:watchfiles.main:1 change detected
INFO:watchfiles.main:1 change detected
INFO:watchfiles.main:1 change detected
INFO:watchfiles.main:1 change detected
INFO:watchfiles.main:1 change detected
INFO:watchfiles.main:1 change detected
INFO:watchfiles.main:1 change detected
INFO:watchfiles.main:1 change detected
INFO:watchfiles.main:1 change detected
INFO:watchfiles.main:1 change detected
INFO:watchfiles.main:1 change detected
INFO:watchfiles.main:1 change detected
INFO:watchfiles.main:1 change detected
INFO:watchfiles.main:1 change detected
INFO:watchfiles.main:1 change detected
INFO:watchfiles.main:1 change detected
INFO:watchfiles.main:1 change detected
INFO:watchfiles.main:1 change detected
INFO:watchfiles.main:1 change detected
INFO:watchfiles.main:1 change detected
INFO:     Shutting down
INFO:     Waiting for application shutdown.
INFO:     Application shutdown complete.
INFO:     Finished server process [31321]
INFO:     Stopping reloader process [28083]
